<?xml version="1.0" encoding="UTF-8"?>
<!-- Generated by org.testng.reporters.JUnitReportReporter -->
<testsuite skipped="0" hostname="LAPTOP-D2FOFQO2" name="test.AddContactTest" tests="2" failures="0" timestamp="2020-05-21T09:54:30 CDT" time="55.411" errors="0">
  <testcase name="userShouldBeAbleAddContact" time="26.009" classname="test.AddContactTest"/>
  <system-out/>
  <testcase name="userShouldBeAbleUseSearchBarOfListContact" time="29.402" classname="test.AddContactTest"/>
  <system-out/>
</testsuite> <!-- test.AddContactTest -->
