<?xml version="1.0" encoding="UTF-8"?>
<!-- Generated by org.testng.reporters.JUnitReportReporter -->
<testsuite skipped="0" hostname="DESKTOP-N308L1J" name="test.LoginTest" tests="1" failures="0" timestamp="17 May 2020 18:26:28 GMT" time="15.545" errors="0">
  <testcase name="validUserShouldBeAbleToLogin" time="15.545" classname="test.LoginTest"/>
</testsuite> <!-- test.LoginTest -->
