<?xml version="1.0" encoding="UTF-8"?>
<!-- Generated by org.testng.reporters.JUnitReportReporter -->
<testsuite skipped="0" hostname="LAPTOP-D2FOFQO2" name="test.AddContactTest" tests="2" failures="0" timestamp="2020-05-21T01:09:06 CDT" time="61.531" errors="0">
  <testcase name="userShouldBeAbleAddContact" time="25.808" classname="test.AddContactTest"/>
  <system-out/>
  <testcase name="userShouldBeAbleUseSearchBarOfListContact" time="35.723" classname="test.AddContactTest"/>
  <system-out/>
</testsuite> <!-- test.AddContactTest -->
